<?xml version="1.0" encoding="UTF-8"?>
<!-- Generated by org.testng.reporters.JUnitReportReporter -->
<testsuite hostname="DESKTOP-7E6CDAO" failures="0" tests="2" name="Frame1.Parallel_execution" time="17.683" errors="0" timestamp="2023-05-20T11:59:00 IST" skipped="0">
  <testcase classname="Frame1.Parallel_execution" name="Test" time="13.910"/>
  <system-out/>
  <testcase classname="Frame1.Parallel_execution" name="Test" time="3.773"/>
  <system-out/>
</testsuite> <!-- Frame1.Parallel_execution -->
