<?xml version="1.0" encoding="UTF-8"?>
<!-- Generated by org.testng.reporters.JUnitReportReporter -->
<testsuite hostname="DESKTOP-7E6CDAO" failures="0" tests="2" name="Frame1.Demo1" time="0.017" errors="0" timestamp="2023-05-19T15:19:10 IST" skipped="0">
  <testcase classname="Frame1.Demo1" name="hi2" time="0.004"/>
  <system-out>
    <![CDATA[3]]>
  </system-out>
  <testcase classname="Frame1.Demo1" name="hi1" time="0.013"/>
  <system-out>
    <![CDATA[2]]>
  </system-out>
</testsuite> <!-- Frame1.Demo1 -->
