<?xml version="1.0" encoding="UTF-8"?>
<!-- Generated by org.testng.reporters.JUnitReportReporter -->
<testsuite hostname="DESKTOP-7E6CDAO" failures="0" tests="2" name="Frame1.Demo2" time="0.008" errors="0" timestamp="2023-05-19T15:19:10 IST" skipped="0">
  <testcase classname="Frame1.Demo2" name="Bye2" time="0.005"/>
  <system-out>
    <![CDATA[6]]>
  </system-out>
  <testcase classname="Frame1.Demo2" name="Bye" time="0.003"/>
  <system-out>
    <![CDATA[4]]>
  </system-out>
</testsuite> <!-- Frame1.Demo2 -->
