<?xml version="1.0" encoding="UTF-8"?>
<!-- Generated by org.testng.reporters.JUnitReportReporter -->
<testsuite hostname="DESKTOP-7E6CDAO" failures="0" tests="1" name="POM.Test_script1" time="10.202" errors="0" timestamp="2023-05-18T14:44:28 IST" skipped="0">
  <testcase classname="POM.Test_script1" name="valid" time="10.202"/>
  <system-out/>
</testsuite> <!-- POM.Test_script1 -->
