<?xml version="1.0" encoding="UTF-8"?>
<!-- Generated by org.testng.reporters.JUnitReportReporter -->
<testsuite hostname="DESKTOP-7E6CDAO" failures="0" tests="1" name="Frame1.Property1" time="0.015" errors="0" timestamp="2023-05-20T11:45:03 IST" skipped="0">
  <testcase classname="Frame1.Property1" name="test" time="0.015"/>
  <system-out/>
</testsuite> <!-- Frame1.Property1 -->
