<?xml version="1.0" encoding="UTF-8"?>
<!-- Generated by org.testng.reporters.JUnitReportReporter -->
<testsuite hostname="DESKTOP-7E6CDAO" failures="0" tests="1" name="Frame1.Test_Script1" time="8.596" errors="0" timestamp="2023-05-17T14:03:52 IST" skipped="0">
  <testcase classname="Frame1.Test_Script1" name="login" time="8.596"/>
  <system-out/>
</testsuite> <!-- Frame1.Test_Script1 -->
