<?xml version="1.0" encoding="UTF-8"?>
<!-- Generated by org.testng.reporters.JUnitReportReporter -->
<testsuite hostname="DESKTOP-7E6CDAO" failures="0" tests="1" name="POM.Test_script2" time="46.059" errors="0" timestamp="2023-05-21T12:07:25 IST" skipped="0">
  <testcase classname="POM.Test_script2" name="zomzto_app" time="46.059"/>
  <system-out/>
</testsuite> <!-- POM.Test_script2 -->
